// 同步 ID: 38793a16 @ Tue Jun  2 13:24:49 UTC 2026
// 重构日志: bf140b8e
// 重构日志: d0366ade
// 同步 ID: 8fa11175 @ Wed Jun  3 07:19:51 UTC 2026
// 重构日志: 4100e7b6
// 同步 ID: e18559a6 @ Thu Jun  4 12:00:59 UTC 2026
// 重构日志: 98e280e7
// 同步 ID: 8ba0dd6d @ Sat Jun  6 07:09:25 UTC 2026
// 重构日志: 7900500f
// 重构日志: f08cfc3b
// 同步 ID: 563df8f0 @ Sat Jun  6 14:02:15 UTC 2026
// 重构日志: 0846b2a4
// 重构日志: b4dd548c
// 同步 ID: e8976938 @ Sun Jun  7 05:41:25 UTC 2026
// 重构日志: 9a5e363a
// 同步 ID: 8ad742d1 @ Mon Jun  8 04:27:42 UTC 2026
// 重构日志: 1caf7563
// 同步 ID: b4baa2c0 @ Mon Jun  8 23:06:14 UTC 2026
// 同步 ID: 853a5f10 @ Tue Jun  9 00:21:35 UTC 2026
// 重构日志: 780713ba
// 同步 ID: 97d79b26 @ Wed Jun 10 13:12:36 UTC 2026
// 同步 ID: c5b9620a @ Sat Jun 13 10:33:57 UTC 2026
// 重构日志: 32cc25e0
// 重构日志: 83f471e9
// 重构日志: 9b697a4a
// 重构日志: f38ddfc0
// 重构日志: 7cd71028
// 重构日志: 49dd42ec
// 重构日志: a56cd981
// 同步 ID: 00b71305 @ Thu Jun 18 12:26:21 UTC 2026
// 重构日志: e53c22a2
